2017-08-08 09:25:29 INFO [org.springframework.web.servlet.DispatcherServlet] FrameworkServlet 'springMVC': initialization started
2017-08-08 09:25:29 INFO [org.springframework.web.context.support.XmlWebApplicationContext] Refreshing WebApplicationContext for namespace 'springMVC-servlet': startup date [Tue Aug 08 09:25:29 CST 2017]; root of context hierarchy
2017-08-08 09:25:30 INFO [org.springframework.beans.factory.xml.XmlBeanDefinitionReader] Loading XML bean definitions from class path resource [springmvc-servlet.xml]
2017-08-08 09:25:30 INFO [org.springframework.beans.factory.xml.XmlBeanDefinitionReader] Loading XML bean definitions from class path resource [mysql-config.xml]
2017-08-08 09:25:30 INFO [org.springframework.beans.factory.config.PropertyPlaceholderConfigurer] Loading properties file from class path resource [system.properties]
2017-08-08 09:25:31 INFO [com.alibaba.druid.pool.DruidDataSource] {dataSource-1} inited
2017-08-08 09:25:31 INFO [org.springframework.web.servlet.mvc.method.annotation.RequestMappingHandlerMapping] Mapped "{[/entry]}" onto public void com.ictwsn.controller.ApartmentController.entry(javax.servlet.http.HttpServletRequest,javax.servlet.http.HttpServletResponse) throws java.io.IOException,javax.servlet.ServletException
2017-08-08 09:25:31 INFO [org.springframework.web.servlet.mvc.method.annotation.RequestMappingHandlerMapping] Mapped "{[/user]}" onto public void com.ictwsn.controller.ApartmentController.user(javax.servlet.http.HttpServletRequest,javax.servlet.http.HttpServletResponse) throws java.io.IOException,javax.servlet.ServletException
2017-08-08 09:25:31 INFO [org.springframework.web.servlet.mvc.method.annotation.RequestMappingHandlerMapping] Mapped "{[/student]}" onto public void com.ictwsn.controller.ApartmentController.student(javax.servlet.http.HttpServletRequest,javax.servlet.http.HttpServletResponse) throws java.io.IOException,javax.servlet.ServletException
2017-08-08 09:25:31 INFO [org.springframework.web.servlet.mvc.method.annotation.RequestMappingHandlerMapping] Mapped "{[/apartment]}" onto public void com.ictwsn.controller.ApartmentController.apartment(javax.servlet.http.HttpServletRequest,javax.servlet.http.HttpServletResponse) throws java.io.IOException,javax.servlet.ServletException
2017-08-08 09:25:31 INFO [org.springframework.web.servlet.mvc.method.annotation.RequestMappingHandlerAdapter] Looking for @ControllerAdvice: WebApplicationContext for namespace 'springMVC-servlet': startup date [Tue Aug 08 09:25:29 CST 2017]; root of context hierarchy
2017-08-08 09:25:31 INFO [org.springframework.web.servlet.mvc.method.annotation.RequestMappingHandlerAdapter] Looking for @ControllerAdvice: WebApplicationContext for namespace 'springMVC-servlet': startup date [Tue Aug 08 09:25:29 CST 2017]; root of context hierarchy
2017-08-08 09:25:31 INFO [org.springframework.web.servlet.mvc.annotation.DefaultAnnotationHandlerMapping] Mapped URL path [/entry] onto handler 'apartmentController'
2017-08-08 09:25:31 INFO [org.springframework.web.servlet.mvc.annotation.DefaultAnnotationHandlerMapping] Mapped URL path [/entry.*] onto handler 'apartmentController'
2017-08-08 09:25:31 INFO [org.springframework.web.servlet.mvc.annotation.DefaultAnnotationHandlerMapping] Mapped URL path [/entry/] onto handler 'apartmentController'
2017-08-08 09:25:31 INFO [org.springframework.web.servlet.mvc.annotation.DefaultAnnotationHandlerMapping] Mapped URL path [/user] onto handler 'apartmentController'
2017-08-08 09:25:31 INFO [org.springframework.web.servlet.mvc.annotation.DefaultAnnotationHandlerMapping] Mapped URL path [/user.*] onto handler 'apartmentController'
2017-08-08 09:25:31 INFO [org.springframework.web.servlet.mvc.annotation.DefaultAnnotationHandlerMapping] Mapped URL path [/user/] onto handler 'apartmentController'
2017-08-08 09:25:31 INFO [org.springframework.web.servlet.mvc.annotation.DefaultAnnotationHandlerMapping] Mapped URL path [/student] onto handler 'apartmentController'
2017-08-08 09:25:31 INFO [org.springframework.web.servlet.mvc.annotation.DefaultAnnotationHandlerMapping] Mapped URL path [/student.*] onto handler 'apartmentController'
2017-08-08 09:25:31 INFO [org.springframework.web.servlet.mvc.annotation.DefaultAnnotationHandlerMapping] Mapped URL path [/student/] onto handler 'apartmentController'
2017-08-08 09:25:31 INFO [org.springframework.web.servlet.mvc.annotation.DefaultAnnotationHandlerMapping] Mapped URL path [/apartment] onto handler 'apartmentController'
2017-08-08 09:25:31 INFO [org.springframework.web.servlet.mvc.annotation.DefaultAnnotationHandlerMapping] Mapped URL path [/apartment.*] onto handler 'apartmentController'
2017-08-08 09:25:31 INFO [org.springframework.web.servlet.mvc.annotation.DefaultAnnotationHandlerMapping] Mapped URL path [/apartment/] onto handler 'apartmentController'
2017-08-08 09:25:32 INFO [com.ictwsn.utils.InitialConfiguration] spring容器初始化完毕================================================
2017-08-08 09:25:32 INFO [org.springframework.web.servlet.DispatcherServlet] FrameworkServlet 'springMVC': initialization completed in 2139 ms
2017-08-08 09:25:35 WARN [org.springframework.web.servlet.PageNotFound] No mapping found for HTTP request with URI [/utilLib/fonts/font_awesome/fontawesome-webfontf77b.woff] in DispatcherServlet with name 'springMVC'
2017-08-08 09:25:36 WARN [org.springframework.web.servlet.PageNotFound] No mapping found for HTTP request with URI [/utilLib/fonts/font_awesome/fontawesome-webfontf77b.ttf] in DispatcherServlet with name 'springMVC'
2017-08-08 09:25:47 INFO [org.springframework.beans.factory.xml.XmlBeanDefinitionReader] Loading XML bean definitions from class path resource [org/springframework/jdbc/support/sql-error-codes.xml]
2017-08-08 09:25:47 INFO [org.springframework.jdbc.support.SQLErrorCodesFactory] SQLErrorCodes loaded: [DB2, Derby, H2, HSQL, Informix, MS-SQL, MySQL, Oracle, PostgreSQL, Sybase, Hana]
2017-08-08 09:28:29 INFO [org.springframework.web.servlet.DispatcherServlet] FrameworkServlet 'springMVC': initialization started
2017-08-08 09:28:29 INFO [org.springframework.web.context.support.XmlWebApplicationContext] Refreshing WebApplicationContext for namespace 'springMVC-servlet': startup date [Tue Aug 08 09:28:29 CST 2017]; root of context hierarchy
2017-08-08 09:28:29 INFO [org.springframework.beans.factory.xml.XmlBeanDefinitionReader] Loading XML bean definitions from class path resource [springmvc-servlet.xml]
2017-08-08 09:28:29 INFO [org.springframework.beans.factory.xml.XmlBeanDefinitionReader] Loading XML bean definitions from class path resource [mysql-config.xml]
2017-08-08 09:28:29 INFO [org.springframework.beans.factory.config.PropertyPlaceholderConfigurer] Loading properties file from class path resource [system.properties]
2017-08-08 09:28:30 INFO [com.alibaba.druid.pool.DruidDataSource] {dataSource-1} inited
2017-08-08 09:28:30 INFO [org.springframework.web.servlet.mvc.method.annotation.RequestMappingHandlerMapping] Mapped "{[/entry]}" onto public void com.ictwsn.controller.ApartmentController.entry(javax.servlet.http.HttpServletRequest,javax.servlet.http.HttpServletResponse) throws java.io.IOException,javax.servlet.ServletException
2017-08-08 09:28:30 INFO [org.springframework.web.servlet.mvc.method.annotation.RequestMappingHandlerMapping] Mapped "{[/user]}" onto public void com.ictwsn.controller.ApartmentController.user(javax.servlet.http.HttpServletRequest,javax.servlet.http.HttpServletResponse) throws java.io.IOException,javax.servlet.ServletException
2017-08-08 09:28:30 INFO [org.springframework.web.servlet.mvc.method.annotation.RequestMappingHandlerMapping] Mapped "{[/apartment]}" onto public void com.ictwsn.controller.ApartmentController.apartment(javax.servlet.http.HttpServletRequest,javax.servlet.http.HttpServletResponse) throws java.io.IOException,javax.servlet.ServletException
2017-08-08 09:28:30 INFO [org.springframework.web.servlet.mvc.method.annotation.RequestMappingHandlerMapping] Mapped "{[/student]}" onto public void com.ictwsn.controller.ApartmentController.student(javax.servlet.http.HttpServletRequest,javax.servlet.http.HttpServletResponse) throws java.io.IOException,javax.servlet.ServletException
2017-08-08 09:28:30 INFO [org.springframework.web.servlet.mvc.method.annotation.RequestMappingHandlerAdapter] Looking for @ControllerAdvice: WebApplicationContext for namespace 'springMVC-servlet': startup date [Tue Aug 08 09:28:29 CST 2017]; root of context hierarchy
2017-08-08 09:28:30 INFO [org.springframework.web.servlet.mvc.method.annotation.RequestMappingHandlerAdapter] Looking for @ControllerAdvice: WebApplicationContext for namespace 'springMVC-servlet': startup date [Tue Aug 08 09:28:29 CST 2017]; root of context hierarchy
2017-08-08 09:28:31 INFO [org.springframework.web.servlet.mvc.annotation.DefaultAnnotationHandlerMapping] Mapped URL path [/entry] onto handler 'apartmentController'
2017-08-08 09:28:31 INFO [org.springframework.web.servlet.mvc.annotation.DefaultAnnotationHandlerMapping] Mapped URL path [/entry.*] onto handler 'apartmentController'
2017-08-08 09:28:31 INFO [org.springframework.web.servlet.mvc.annotation.DefaultAnnotationHandlerMapping] Mapped URL path [/entry/] onto handler 'apartmentController'
2017-08-08 09:28:31 INFO [org.springframework.web.servlet.mvc.annotation.DefaultAnnotationHandlerMapping] Mapped URL path [/user] onto handler 'apartmentController'
2017-08-08 09:28:31 INFO [org.springframework.web.servlet.mvc.annotation.DefaultAnnotationHandlerMapping] Mapped URL path [/user.*] onto handler 'apartmentController'
2017-08-08 09:28:31 INFO [org.springframework.web.servlet.mvc.annotation.DefaultAnnotationHandlerMapping] Mapped URL path [/user/] onto handler 'apartmentController'
2017-08-08 09:28:31 INFO [org.springframework.web.servlet.mvc.annotation.DefaultAnnotationHandlerMapping] Mapped URL path [/apartment] onto handler 'apartmentController'
2017-08-08 09:28:31 INFO [org.springframework.web.servlet.mvc.annotation.DefaultAnnotationHandlerMapping] Mapped URL path [/apartment.*] onto handler 'apartmentController'
2017-08-08 09:28:31 INFO [org.springframework.web.servlet.mvc.annotation.DefaultAnnotationHandlerMapping] Mapped URL path [/apartment/] onto handler 'apartmentController'
2017-08-08 09:28:31 INFO [org.springframework.web.servlet.mvc.annotation.DefaultAnnotationHandlerMapping] Mapped URL path [/student] onto handler 'apartmentController'
2017-08-08 09:28:31 INFO [org.springframework.web.servlet.mvc.annotation.DefaultAnnotationHandlerMapping] Mapped URL path [/student.*] onto handler 'apartmentController'
2017-08-08 09:28:31 INFO [org.springframework.web.servlet.mvc.annotation.DefaultAnnotationHandlerMapping] Mapped URL path [/student/] onto handler 'apartmentController'
2017-08-08 09:28:31 INFO [com.ictwsn.utils.InitialConfiguration] spring容器初始化完毕================================================
2017-08-08 09:28:31 INFO [org.springframework.web.servlet.DispatcherServlet] FrameworkServlet 'springMVC': initialization completed in 1958 ms
2017-08-08 09:28:33 WARN [org.springframework.web.servlet.PageNotFound] No mapping found for HTTP request with URI [/utilLib/fonts/font_awesome/fontawesome-webfontf77b.woff] in DispatcherServlet with name 'springMVC'
2017-08-08 09:28:34 WARN [org.springframework.web.servlet.PageNotFound] No mapping found for HTTP request with URI [/utilLib/fonts/font_awesome/fontawesome-webfontf77b.ttf] in DispatcherServlet with name 'springMVC'
2017-08-08 09:32:39 INFO [org.springframework.web.servlet.DispatcherServlet] FrameworkServlet 'springMVC': initialization started
2017-08-08 09:32:39 INFO [org.springframework.web.context.support.XmlWebApplicationContext] Refreshing WebApplicationContext for namespace 'springMVC-servlet': startup date [Tue Aug 08 09:32:39 CST 2017]; root of context hierarchy
2017-08-08 09:32:40 INFO [org.springframework.beans.factory.xml.XmlBeanDefinitionReader] Loading XML bean definitions from class path resource [springmvc-servlet.xml]
2017-08-08 09:32:40 INFO [org.springframework.beans.factory.xml.XmlBeanDefinitionReader] Loading XML bean definitions from class path resource [mysql-config.xml]
2017-08-08 09:32:40 INFO [org.springframework.beans.factory.config.PropertyPlaceholderConfigurer] Loading properties file from class path resource [system.properties]
2017-08-08 09:32:41 INFO [com.alibaba.druid.pool.DruidDataSource] {dataSource-1} inited
2017-08-08 09:32:41 INFO [org.springframework.web.servlet.mvc.method.annotation.RequestMappingHandlerMapping] Mapped "{[/entry]}" onto public void com.ictwsn.controller.ApartmentController.entry(javax.servlet.http.HttpServletRequest,javax.servlet.http.HttpServletResponse) throws java.io.IOException,javax.servlet.ServletException
2017-08-08 09:32:41 INFO [org.springframework.web.servlet.mvc.method.annotation.RequestMappingHandlerMapping] Mapped "{[/user]}" onto public void com.ictwsn.controller.ApartmentController.user(javax.servlet.http.HttpServletRequest,javax.servlet.http.HttpServletResponse) throws java.io.IOException,javax.servlet.ServletException
2017-08-08 09:32:41 INFO [org.springframework.web.servlet.mvc.method.annotation.RequestMappingHandlerMapping] Mapped "{[/apartment]}" onto public void com.ictwsn.controller.ApartmentController.apartment(javax.servlet.http.HttpServletRequest,javax.servlet.http.HttpServletResponse) throws java.io.IOException,javax.servlet.ServletException
2017-08-08 09:32:41 INFO [org.springframework.web.servlet.mvc.method.annotation.RequestMappingHandlerMapping] Mapped "{[/student]}" onto public void com.ictwsn.controller.ApartmentController.student(javax.servlet.http.HttpServletRequest,javax.servlet.http.HttpServletResponse) throws java.io.IOException,javax.servlet.ServletException
2017-08-08 09:32:41 INFO [org.springframework.web.servlet.mvc.method.annotation.RequestMappingHandlerAdapter] Looking for @ControllerAdvice: WebApplicationContext for namespace 'springMVC-servlet': startup date [Tue Aug 08 09:32:39 CST 2017]; root of context hierarchy
2017-08-08 09:32:41 INFO [org.springframework.web.servlet.mvc.method.annotation.RequestMappingHandlerAdapter] Looking for @ControllerAdvice: WebApplicationContext for namespace 'springMVC-servlet': startup date [Tue Aug 08 09:32:39 CST 2017]; root of context hierarchy
2017-08-08 09:32:41 INFO [org.springframework.web.servlet.mvc.annotation.DefaultAnnotationHandlerMapping] Mapped URL path [/entry] onto handler 'apartmentController'
2017-08-08 09:32:41 INFO [org.springframework.web.servlet.mvc.annotation.DefaultAnnotationHandlerMapping] Mapped URL path [/entry.*] onto handler 'apartmentController'
2017-08-08 09:32:41 INFO [org.springframework.web.servlet.mvc.annotation.DefaultAnnotationHandlerMapping] Mapped URL path [/entry/] onto handler 'apartmentController'
2017-08-08 09:32:41 INFO [org.springframework.web.servlet.mvc.annotation.DefaultAnnotationHandlerMapping] Mapped URL path [/user] onto handler 'apartmentController'
2017-08-08 09:32:41 INFO [org.springframework.web.servlet.mvc.annotation.DefaultAnnotationHandlerMapping] Mapped URL path [/user.*] onto handler 'apartmentController'
2017-08-08 09:32:41 INFO [org.springframework.web.servlet.mvc.annotation.DefaultAnnotationHandlerMapping] Mapped URL path [/user/] onto handler 'apartmentController'
2017-08-08 09:32:41 INFO [org.springframework.web.servlet.mvc.annotation.DefaultAnnotationHandlerMapping] Mapped URL path [/apartment] onto handler 'apartmentController'
2017-08-08 09:32:41 INFO [org.springframework.web.servlet.mvc.annotation.DefaultAnnotationHandlerMapping] Mapped URL path [/apartment.*] onto handler 'apartmentController'
2017-08-08 09:32:41 INFO [org.springframework.web.servlet.mvc.annotation.DefaultAnnotationHandlerMapping] Mapped URL path [/apartment/] onto handler 'apartmentController'
2017-08-08 09:32:41 INFO [org.springframework.web.servlet.mvc.annotation.DefaultAnnotationHandlerMapping] Mapped URL path [/student] onto handler 'apartmentController'
2017-08-08 09:32:41 INFO [org.springframework.web.servlet.mvc.annotation.DefaultAnnotationHandlerMapping] Mapped URL path [/student.*] onto handler 'apartmentController'
2017-08-08 09:32:41 INFO [org.springframework.web.servlet.mvc.annotation.DefaultAnnotationHandlerMapping] Mapped URL path [/student/] onto handler 'apartmentController'
2017-08-08 09:32:41 INFO [com.ictwsn.utils.InitialConfiguration] spring容器初始化完毕================================================
2017-08-08 09:32:41 INFO [org.springframework.web.servlet.DispatcherServlet] FrameworkServlet 'springMVC': initialization completed in 1976 ms
2017-08-08 09:32:44 WARN [org.springframework.web.servlet.PageNotFound] No mapping found for HTTP request with URI [/utilLib/fonts/font_awesome/fontawesome-webfontf77b.woff] in DispatcherServlet with name 'springMVC'
2017-08-08 09:32:44 WARN [org.springframework.web.servlet.PageNotFound] No mapping found for HTTP request with URI [/utilLib/fonts/font_awesome/fontawesome-webfontf77b.ttf] in DispatcherServlet with name 'springMVC'
2017-08-08 09:35:37 INFO [org.springframework.web.servlet.DispatcherServlet] FrameworkServlet 'springMVC': initialization started
2017-08-08 09:35:37 INFO [org.springframework.web.context.support.XmlWebApplicationContext] Refreshing WebApplicationContext for namespace 'springMVC-servlet': startup date [Tue Aug 08 09:35:37 CST 2017]; root of context hierarchy
2017-08-08 09:35:37 INFO [org.springframework.beans.factory.xml.XmlBeanDefinitionReader] Loading XML bean definitions from class path resource [springmvc-servlet.xml]
2017-08-08 09:35:37 INFO [org.springframework.beans.factory.xml.XmlBeanDefinitionReader] Loading XML bean definitions from class path resource [mysql-config.xml]
2017-08-08 09:35:37 INFO [org.springframework.beans.factory.config.PropertyPlaceholderConfigurer] Loading properties file from class path resource [system.properties]
2017-08-08 09:35:38 INFO [com.alibaba.druid.pool.DruidDataSource] {dataSource-1} inited
2017-08-08 09:35:38 INFO [org.springframework.web.servlet.mvc.method.annotation.RequestMappingHandlerMapping] Mapped "{[/entry]}" onto public void com.ictwsn.controller.ApartmentController.entry(javax.servlet.http.HttpServletRequest,javax.servlet.http.HttpServletResponse) throws java.io.IOException,javax.servlet.ServletException
2017-08-08 09:35:38 INFO [org.springframework.web.servlet.mvc.method.annotation.RequestMappingHandlerMapping] Mapped "{[/user]}" onto public void com.ictwsn.controller.ApartmentController.user(javax.servlet.http.HttpServletRequest,javax.servlet.http.HttpServletResponse) throws java.io.IOException,javax.servlet.ServletException
2017-08-08 09:35:38 INFO [org.springframework.web.servlet.mvc.method.annotation.RequestMappingHandlerMapping] Mapped "{[/apartment]}" onto public void com.ictwsn.controller.ApartmentController.apartment(javax.servlet.http.HttpServletRequest,javax.servlet.http.HttpServletResponse) throws java.io.IOException,javax.servlet.ServletException
2017-08-08 09:35:38 INFO [org.springframework.web.servlet.mvc.method.annotation.RequestMappingHandlerMapping] Mapped "{[/student]}" onto public void com.ictwsn.controller.ApartmentController.student(javax.servlet.http.HttpServletRequest,javax.servlet.http.HttpServletResponse) throws java.io.IOException,javax.servlet.ServletException
2017-08-08 09:35:38 INFO [org.springframework.web.servlet.mvc.method.annotation.RequestMappingHandlerAdapter] Looking for @ControllerAdvice: WebApplicationContext for namespace 'springMVC-servlet': startup date [Tue Aug 08 09:35:37 CST 2017]; root of context hierarchy
2017-08-08 09:35:38 INFO [org.springframework.web.servlet.mvc.method.annotation.RequestMappingHandlerAdapter] Looking for @ControllerAdvice: WebApplicationContext for namespace 'springMVC-servlet': startup date [Tue Aug 08 09:35:37 CST 2017]; root of context hierarchy
2017-08-08 09:35:38 INFO [org.springframework.web.servlet.mvc.annotation.DefaultAnnotationHandlerMapping] Mapped URL path [/entry] onto handler 'apartmentController'
2017-08-08 09:35:38 INFO [org.springframework.web.servlet.mvc.annotation.DefaultAnnotationHandlerMapping] Mapped URL path [/entry.*] onto handler 'apartmentController'
2017-08-08 09:35:38 INFO [org.springframework.web.servlet.mvc.annotation.DefaultAnnotationHandlerMapping] Mapped URL path [/entry/] onto handler 'apartmentController'
2017-08-08 09:35:38 INFO [org.springframework.web.servlet.mvc.annotation.DefaultAnnotationHandlerMapping] Mapped URL path [/user] onto handler 'apartmentController'
2017-08-08 09:35:38 INFO [org.springframework.web.servlet.mvc.annotation.DefaultAnnotationHandlerMapping] Mapped URL path [/user.*] onto handler 'apartmentController'
2017-08-08 09:35:38 INFO [org.springframework.web.servlet.mvc.annotation.DefaultAnnotationHandlerMapping] Mapped URL path [/user/] onto handler 'apartmentController'
2017-08-08 09:35:38 INFO [org.springframework.web.servlet.mvc.annotation.DefaultAnnotationHandlerMapping] Mapped URL path [/apartment] onto handler 'apartmentController'
2017-08-08 09:35:38 INFO [org.springframework.web.servlet.mvc.annotation.DefaultAnnotationHandlerMapping] Mapped URL path [/apartment.*] onto handler 'apartmentController'
2017-08-08 09:35:38 INFO [org.springframework.web.servlet.mvc.annotation.DefaultAnnotationHandlerMapping] Mapped URL path [/apartment/] onto handler 'apartmentController'
2017-08-08 09:35:38 INFO [org.springframework.web.servlet.mvc.annotation.DefaultAnnotationHandlerMapping] Mapped URL path [/student] onto handler 'apartmentController'
2017-08-08 09:35:38 INFO [org.springframework.web.servlet.mvc.annotation.DefaultAnnotationHandlerMapping] Mapped URL path [/student.*] onto handler 'apartmentController'
2017-08-08 09:35:38 INFO [org.springframework.web.servlet.mvc.annotation.DefaultAnnotationHandlerMapping] Mapped URL path [/student/] onto handler 'apartmentController'
2017-08-08 09:35:38 INFO [com.ictwsn.utils.InitialConfiguration] spring容器初始化完毕================================================
2017-08-08 09:35:38 INFO [org.springframework.web.servlet.DispatcherServlet] FrameworkServlet 'springMVC': initialization completed in 1860 ms
2017-08-08 09:35:41 WARN [org.springframework.web.servlet.PageNotFound] No mapping found for HTTP request with URI [/utilLib/fonts/font_awesome/fontawesome-webfontf77b.woff] in DispatcherServlet with name 'springMVC'
2017-08-08 09:35:42 WARN [org.springframework.web.servlet.PageNotFound] No mapping found for HTTP request with URI [/utilLib/fonts/font_awesome/fontawesome-webfontf77b.ttf] in DispatcherServlet with name 'springMVC'
2017-08-08 09:39:59 INFO [org.springframework.web.servlet.DispatcherServlet] FrameworkServlet 'springMVC': initialization started
2017-08-08 09:39:59 INFO [org.springframework.web.context.support.XmlWebApplicationContext] Refreshing WebApplicationContext for namespace 'springMVC-servlet': startup date [Tue Aug 08 09:39:59 CST 2017]; root of context hierarchy
2017-08-08 09:39:59 INFO [org.springframework.beans.factory.xml.XmlBeanDefinitionReader] Loading XML bean definitions from class path resource [springmvc-servlet.xml]
2017-08-08 09:40:00 INFO [org.springframework.beans.factory.xml.XmlBeanDefinitionReader] Loading XML bean definitions from class path resource [mysql-config.xml]
2017-08-08 09:40:00 INFO [org.springframework.beans.factory.config.PropertyPlaceholderConfigurer] Loading properties file from class path resource [system.properties]
2017-08-08 09:40:00 INFO [com.alibaba.druid.pool.DruidDataSource] {dataSource-1} inited
2017-08-08 09:40:01 INFO [org.springframework.web.servlet.mvc.method.annotation.RequestMappingHandlerMapping] Mapped "{[/entry]}" onto public void com.ictwsn.controller.ApartmentController.entry(javax.servlet.http.HttpServletRequest,javax.servlet.http.HttpServletResponse) throws java.io.IOException,javax.servlet.ServletException
2017-08-08 09:40:01 INFO [org.springframework.web.servlet.mvc.method.annotation.RequestMappingHandlerMapping] Mapped "{[/user]}" onto public void com.ictwsn.controller.ApartmentController.user(javax.servlet.http.HttpServletRequest,javax.servlet.http.HttpServletResponse) throws java.io.IOException,javax.servlet.ServletException
2017-08-08 09:40:01 INFO [org.springframework.web.servlet.mvc.method.annotation.RequestMappingHandlerMapping] Mapped "{[/student]}" onto public void com.ictwsn.controller.ApartmentController.student(javax.servlet.http.HttpServletRequest,javax.servlet.http.HttpServletResponse) throws java.io.IOException,javax.servlet.ServletException
2017-08-08 09:40:01 INFO [org.springframework.web.servlet.mvc.method.annotation.RequestMappingHandlerMapping] Mapped "{[/apartment]}" onto public void com.ictwsn.controller.ApartmentController.apartment(javax.servlet.http.HttpServletRequest,javax.servlet.http.HttpServletResponse) throws java.io.IOException,javax.servlet.ServletException
2017-08-08 09:40:01 INFO [org.springframework.web.servlet.mvc.method.annotation.RequestMappingHandlerAdapter] Looking for @ControllerAdvice: WebApplicationContext for namespace 'springMVC-servlet': startup date [Tue Aug 08 09:39:59 CST 2017]; root of context hierarchy
2017-08-08 09:40:01 INFO [org.springframework.web.servlet.mvc.method.annotation.RequestMappingHandlerAdapter] Looking for @ControllerAdvice: WebApplicationContext for namespace 'springMVC-servlet': startup date [Tue Aug 08 09:39:59 CST 2017]; root of context hierarchy
2017-08-08 09:40:01 INFO [org.springframework.web.servlet.mvc.annotation.DefaultAnnotationHandlerMapping] Mapped URL path [/entry] onto handler 'apartmentController'
2017-08-08 09:40:01 INFO [org.springframework.web.servlet.mvc.annotation.DefaultAnnotationHandlerMapping] Mapped URL path [/entry.*] onto handler 'apartmentController'
2017-08-08 09:40:01 INFO [org.springframework.web.servlet.mvc.annotation.DefaultAnnotationHandlerMapping] Mapped URL path [/entry/] onto handler 'apartmentController'
2017-08-08 09:40:01 INFO [org.springframework.web.servlet.mvc.annotation.DefaultAnnotationHandlerMapping] Mapped URL path [/user] onto handler 'apartmentController'
2017-08-08 09:40:01 INFO [org.springframework.web.servlet.mvc.annotation.DefaultAnnotationHandlerMapping] Mapped URL path [/user.*] onto handler 'apartmentController'
2017-08-08 09:40:01 INFO [org.springframework.web.servlet.mvc.annotation.DefaultAnnotationHandlerMapping] Mapped URL path [/user/] onto handler 'apartmentController'
2017-08-08 09:40:01 INFO [org.springframework.web.servlet.mvc.annotation.DefaultAnnotationHandlerMapping] Mapped URL path [/student] onto handler 'apartmentController'
2017-08-08 09:40:01 INFO [org.springframework.web.servlet.mvc.annotation.DefaultAnnotationHandlerMapping] Mapped URL path [/student.*] onto handler 'apartmentController'
2017-08-08 09:40:01 INFO [org.springframework.web.servlet.mvc.annotation.DefaultAnnotationHandlerMapping] Mapped URL path [/student/] onto handler 'apartmentController'
2017-08-08 09:40:01 INFO [org.springframework.web.servlet.mvc.annotation.DefaultAnnotationHandlerMapping] Mapped URL path [/apartment] onto handler 'apartmentController'
2017-08-08 09:40:01 INFO [org.springframework.web.servlet.mvc.annotation.DefaultAnnotationHandlerMapping] Mapped URL path [/apartment.*] onto handler 'apartmentController'
2017-08-08 09:40:01 INFO [org.springframework.web.servlet.mvc.annotation.DefaultAnnotationHandlerMapping] Mapped URL path [/apartment/] onto handler 'apartmentController'
2017-08-08 09:40:01 INFO [com.ictwsn.utils.InitialConfiguration] spring容器初始化完毕================================================
2017-08-08 09:40:01 INFO [org.springframework.web.servlet.DispatcherServlet] FrameworkServlet 'springMVC': initialization completed in 2232 ms
